<?xml version="1.0" encoding="UTF-8"?>
<testsuite xmlns:xsi="http://www.w3.org/2001/XMLSchema-instance" xsi:noNamespaceSchemaLocation="https://maven.apache.org/surefire/maven-surefire-plugin/xsd/surefire-test-report.xsd" name="it.unipd.mtss.BillTest" time="0.043" tests="1" errors="0" skipped="0" failures="1">
  <properties>
    <property name="sun.desktop" value="windows"/>
    <property name="awt.toolkit" value="sun.awt.windows.WToolkit"/>
    <property name="file.encoding.pkg" value="sun.io"/>
    <property name="java.specification.version" value="1.8"/>
    <property name="sun.cpu.isalist" value="amd64"/>
    <property name="sun.jnu.encoding" value="Cp1252"/>
    <property name="java.class.path" value="c:\Users\spada\Desktop\Assignment2\e-shop-manager\target\test-classes;c:\Users\spada\Desktop\Assignment2\e-shop-manager\target\classes;C:\Users\spada\.m2\repository\junit\junit\4.11\junit-4.11.jar;C:\Users\spada\.m2\repository\org\hamcrest\hamcrest-core\1.3\hamcrest-core-1.3.jar;"/>
    <property name="java.vm.vendor" value="Oracle Corporation"/>
    <property name="sun.arch.data.model" value="64"/>
    <property name="user.variant" value=""/>
    <property name="java.vendor.url" value="http://java.oracle.com/"/>
    <property name="user.timezone" value="Europe/Prague"/>
    <property name="java.vm.specification.version" value="1.8"/>
    <property name="os.name" value="Windows 10"/>
    <property name="user.country" value="IT"/>
    <property name="sun.java.launcher" value="SUN_STANDARD"/>
    <property name="sun.boot.library.path" value="C:\Program Files\Java\openlogic-openjdk-8u262-b10-win-64\jre\bin"/>
    <property name="sun.java.command" value="C:\Users\spada\AppData\Local\Temp\surefire7084432033634771619\surefirebooter3097007085816152959.jar C:\Users\spada\AppData\Local\Temp\surefire7084432033634771619 2022-05-14T18-59-12_116-jvmRun1 surefire3385751018799993191tmp surefire_01807692006746395649tmp"/>
    <property name="surefire.test.class.path" value="c:\Users\spada\Desktop\Assignment2\e-shop-manager\target\test-classes;c:\Users\spada\Desktop\Assignment2\e-shop-manager\target\classes;C:\Users\spada\.m2\repository\junit\junit\4.11\junit-4.11.jar;C:\Users\spada\.m2\repository\org\hamcrest\hamcrest-core\1.3\hamcrest-core-1.3.jar;"/>
    <property name="sun.cpu.endian" value="little"/>
    <property name="user.home" value="C:\Users\spada"/>
    <property name="user.language" value="it"/>
    <property name="java.specification.vendor" value="Oracle Corporation"/>
    <property name="java.home" value="C:\Program Files\Java\openlogic-openjdk-8u262-b10-win-64\jre"/>
    <property name="basedir" value="c:\Users\spada\Desktop\Assignment2\e-shop-manager"/>
    <property name="file.separator" value="\"/>
    <property name="line.separator" value="&#10;"/>
    <property name="java.vm.specification.vendor" value="Oracle Corporation"/>
    <property name="java.specification.name" value="Java Platform API Specification"/>
    <property name="java.awt.graphicsenv" value="sun.awt.Win32GraphicsEnvironment"/>
    <property name="surefire.real.class.path" value="C:\Users\spada\AppData\Local\Temp\surefire7084432033634771619\surefirebooter3097007085816152959.jar"/>
    <property name="sun.boot.class.path" value="C:\Program Files\Java\openlogic-openjdk-8u262-b10-win-64\jre\lib\resources.jar;C:\Program Files\Java\openlogic-openjdk-8u262-b10-win-64\jre\lib\rt.jar;C:\Program Files\Java\openlogic-openjdk-8u262-b10-win-64\jre\lib\sunrsasign.jar;C:\Program Files\Java\openlogic-openjdk-8u262-b10-win-64\jre\lib\jsse.jar;C:\Program Files\Java\openlogic-openjdk-8u262-b10-win-64\jre\lib\jce.jar;C:\Program Files\Java\openlogic-openjdk-8u262-b10-win-64\jre\lib\charsets.jar;C:\Program Files\Java\openlogic-openjdk-8u262-b10-win-64\jre\lib\jfr.jar;C:\Program Files\Java\openlogic-openjdk-8u262-b10-win-64\jre\classes"/>
    <property name="user.script" value=""/>
    <property name="sun.management.compiler" value="HotSpot 64-Bit Tiered Compilers"/>
    <property name="java.runtime.version" value="1.8.0-262-b10"/>
    <property name="user.name" value="spada"/>
    <property name="path.separator" value=";"/>
    <property name="os.version" value="10.0"/>
    <property name="java.endorsed.dirs" value="C:\Program Files\Java\openlogic-openjdk-8u262-b10-win-64\jre\lib\endorsed"/>
    <property name="java.runtime.name" value="OpenJDK Runtime Environment"/>
    <property name="file.encoding" value="Cp1252"/>
    <property name="java.vm.name" value="OpenJDK 64-Bit Server VM"/>
    <property name="localRepository" value="C:\Users\spada\.m2\repository"/>
    <property name="java.vendor.url.bug" value="http://bugreport.sun.com/bugreport/"/>
    <property name="java.io.tmpdir" value="C:\Users\spada\AppData\Local\Temp\"/>
    <property name="java.version" value="1.8.0-262"/>
    <property name="user.dir" value="c:\Users\spada\Desktop\Assignment2\e-shop-manager"/>
    <property name="os.arch" value="amd64"/>
    <property name="java.vm.specification.name" value="Java Virtual Machine Specification"/>
    <property name="java.awt.printerjob" value="sun.awt.windows.WPrinterJob"/>
    <property name="sun.os.patch.level" value=""/>
    <property name="java.library.path" value="C:\Program Files\Java\openlogic-openjdk-8u262-b10-win-64\jre\bin;C:\Windows\Sun\Java\bin;C:\Windows\system32;C:\Windows;C:\Windows\system32;C:\Windows;C:\Windows\System32\Wbem;C:\Windows\System32\WindowsPowerShell\v1.0\;C:\Windows\System32\OpenSSH\;C:\Program Files\nodejs\;C:\Program Files\Git\cmd;C:\Program Files\Maven_3.8.5\apache-maven-3.8.5\bin;C:\Program Files\dotnet\;C:\Program Files\Java\openlogic-openjdk-8u262-b10-win-64\bin;C:\Users\spada\AppData\Local\Microsoft\WindowsApps;C:\Users\spada\AppData\Local\Programs\Microsoft VS Code\bin;C:\Users\spada\AppData\Local\GitHubDesktop\bin;C:\Users\spada\AppData\Roaming\npm;."/>
    <property name="java.vm.info" value="mixed mode"/>
    <property name="java.vendor" value="OpenLogic-OpenJDK"/>
    <property name="java.vm.version" value="25.71-b10"/>
    <property name="java.ext.dirs" value="C:\Program Files\Java\openlogic-openjdk-8u262-b10-win-64\jre\lib\ext;C:\Windows\Sun\Java\lib\ext"/>
    <property name="sun.io.unicode.encoding" value="UnicodeLittle"/>
    <property name="java.class.version" value="52.0"/>
  </properties>
  <testcase name="getOrderPrice_ScontoProcessoreMenoCaroTest" classname="it.unipd.mtss.BillTest" time="0.022">
    <failure message="expected:&lt;3.2&gt; but was:&lt;-Infinity&gt;" type="java.lang.AssertionError"><![CDATA[java.lang.AssertionError: expected:<3.2> but was:<-Infinity>
	at it.unipd.mtss.BillTest.getOrderPrice_ScontoProcessoreMenoCaroTest(BillTest.java:48)
]]></failure>
    <system-out><![CDATA[6.4
]]></system-out>
  </testcase>
</testsuite>